=~=~=~=~=~=~=~=~=~=~=~= PuTTY log 2018.05.20 04:29:31 =~=~=~=~=~=~=~=~=~=~=~=


invalid command
+113.2 NTU   	  926 raw
1386 entries in log.
P4Q	P? P4Q	P?

invalid command
+113.4 NTU   	  928 raw
1387 entries in log.
log of

invalid command
log of

invalid command
lo
+113.6 NTU   	  929 raw
1388 entries in log.
log off

Logging Off
dowlonload

invalid command
download

Analite Turbidity Probe, McVan Instruments.
Serial number: NEP495208-SN106240-.
Log Download for date: 20 May 2018.

Range_Places_Cal x0_Cal y0_Cal x1_Cal y1_Cal x2_Cal y2_Temp Coeff_Temp Adj
0_1_29_0_3077_3955_22458_29638_434_0

Date (Y.M.D)_Time (H:M:S)_Turbidity_Units_External Temperature_Scale_Range
2018.05.20_09:44:09_217.7_NTU_21.3_C_0
2018.05.20_09:44:25_216.3_NTU_21.2_C_0
2018.05.20_09:44:29_216.9_NTU_21.3_C_0
2018.05.20_09:44:39_217.7_NTU_21.2_C_0
2018.05.20_09:44:49_216.3_NTU_21.3_C_0
2018.05.20_09:44:59_215.9_NTU_21.3_C_0
2018.05.20_09:45:09_262.4_NTU_21.2_C_0
2018.05.20_09:45:19_218.3_NTU_21.3_C_0
2018.05.20_09:45:29_215.4_NTU_21.3_C_0
2018.05.20_09:45:39_217.2_NTU_21.2_C_0
2018.05.20_09:45:49_216.0_NTU_21.3_C_0
2018.05.20_09:45:59_216.5_NTU_21.2_C_0
2018.05.20_09:46:09_213.3_NTU_21.3_C_0
2018.05.20_09:46:19_212.8_NTU_21.3_C_0
2018.05.20_09:46:29_211.8_NTU_21.4_C_0
2018.05.20_09:46:39_303.3_NTU_21.3_C_0
2018.05.20_09:46:49_282.4_NTU_21.3_C_0
2018.05.20_09:46:59_290.7_NTU_21.4_C_0
2018.05.20_09:47:09_306.9_NTU_21.4_C_0
2018.05.20_09:47:19_300.3_NTU_21.4_C_0
2018.05.20_09:47:29_301.6_NTU_21.4_C_0
2018.05.20_09:47:39_301.8_NTU_21.4_C_0
2018.05.20_09:47:49_301.2_NTU_21.4_C_0
2018.05.20_09:47:59_300.3_NTU_21.5_C_0
2018.05.20_09:48:09_299.2_NTU_21.4_C_0
2018.05.20_09:48:19_299.5_NTU_21.5_C_0
2018.05.20_09:48:29_299.5_NTU_21.5_C_0
2018.05.20_09:48:39_297.7_NTU_21.5_C_0
2018.05.20_09:48:49_295.6_NTU_21.5_C_0
2018.05.20_09:48:59_296.5_NTU_21.5_C_0
2018.05.20_09:49:09_296.2_NTU_21.5_C_0
2018.05.20_09:49:19_296.8_NTU_21.5_C_0
2018.05.20_09:49:29_297.5_NTU_21.5_C_0
2018.05.20_09:49:39_297.5_NTU_21.5_C_0
2018.05.20_09:49:49_298.3_NTU_21.5_C_0
2018.05.20_09:49:59_298.7_NTU_21.5_C_0
2018.05.20_09:50:09_297.8_NTU_21.5_C_0
2018.05.20_09:50:19_298.3_NTU_21.5_C_0
2018.05.20_09:50:29_297.7_NTU_21.6_C_0
2018.05.20_09:50:39_297.6_NTU_21.6_C_0
2018.05.20_09:50:49_298.9_NTU_21.5_C_0
2018.05.20_09:50:59_282.2_NTU_21.6_C_0
2018.05.20_09:51:09_290.3_NTU_21.5_C_0
2018.05.20_09:51:19_271.4_NTU_21.5_C_0
2018.05.20_09:51:29_269.5_NTU_21.5_C_0
2018.05.20_09:51:39_269.3_NTU_21.5_C_0
2018.05.20_09:51:49_268.4_NTU_21.5_C_0
2018.05.20_09:51:59_267.5_NTU_21.5_C_0
2018.05.20_09:52:09_268.0_NTU_21.5_C_0
2018.05.20_09:52:19_257.4_NTU_21.6_C_0
2018.05.20_09:52:29_258.6_NTU_21.6_C_0
2018.05.20_09:52:39_258.9_NTU_21.5_C_0
2018.05.20_09:52:49_259.5_NTU_21.6_C_0
2018.05.20_09:52:59_259.7_NTU_21.6_C_0
2018.05.20_09:53:09_255.2_NTU_21.6_C_0
2018.05.20_09:53:19_252.0_NTU_21.5_C_0
2018.05.20_09:53:29_252.3_NTU_21.5_C_0
2018.05.20_09:53:39_252.7_NTU_21.5_C_0
2018.05.20_09:53:49_253.2_NTU_21.5_C_0
2018.05.20_09:53:59_253.3_NTU_21.5_C_0
2018.05.20_09:54:09_253.8_NTU_21.5_C_0
2018.05.20_09:54:19_253.4_NTU_21.4_C_0
2018.05.20_09:54:29_253.7_NTU_21.5_C_0
2018.05.20_09:54:39_252.7_NTU_21.5_C_0
2018.05.20_09:54:49_252.3_NTU_21.5_C_0
2018.05.20_09:54:59_253.8_NTU_21.5_C_0
2018.05.20_09:55:09_254.3_NTU_21.4_C_0
2018.05.20_09:55:19_254.2_NTU_21.4_C_0
2018.05.20_09:55:29_254.2_NTU_21.4_C_0
2018.05.20_09:55:39_254.4_NTU_21.4_C_0
2018.05.20_09:55:49_254.3_NTU_21.4_C_0
2018.05.20_09:55:59_253.8_NTU_21.4_C_0
2018.05.20_09:56:09_253.7_NTU_21.4_C_0
2018.05.20_09:56:19_253.3_NTU_21.4_C_0
2018.05.20_09:56:29_252.4_NTU_21.4_C_0
2018.05.20_09:56:39_252.0_NTU_21.4_C_0
2018.05.20_09:56:49_251.3_NTU_21.3_C_0
2018.05.20_09:56:59_250.9_NTU_21.3_C_0
2018.05.20_09:57:09_250.8_NTU_21.3_C_0
2018.05.20_09:57:19_249.4_NTU_21.3_C_0
2018.05.20_09:57:29_248.9_NTU_21.3_C_0
2018.05.20_09:57:39_249.1_NTU_21.3_C_0
2018.05.20_09:57:49_261.8_NTU_21.2_C_0
2018.05.20_09:57:59_265.3_NTU_21.3_C_0
2018.05.20_09:58:09_266.0_NTU_21.2_C_0
2018.05.20_09:58:19_264.7_NTU_21.3_C_0
2018.05.20_09:58:29_263.8_NTU_21.2_C_0
2018.05.20_09:58:39_262.8_NTU_21.1_C_0
2018.05.20_09:58:49_261.3_NTU_21.2_C_0
2018.05.20_09:58:59_259.9_NTU_21.1_C_0
2018.05.20_09:59:09_258.7_NTU_21.2_C_0
2018.05.20_09:59:19_257.3_NTU_21.1_C_0
2018.05.20_09:59:29_255.4_NTU_21.2_C_0
2018.05.20_09:59:39_253.3_NTU_21.1_C_0
2018.05.20_09:59:49_252.3_NTU_21.1_C_0
2018.05.20_09:59:59_250.1_NTU_21.1_C_0
2018.05.20_10:00:09_248.7_NTU_21.1_C_0
2018.05.20_10:00:19_246.6_NTU_21.0_C_0
2018.05.20_10:00:29_244.4_NTU_21.0_C_0
2018.05.20_10:00:39_242.2_NTU_21.0_C_0
2018.05.20_10:00:49_240.5_NTU_21.0_C_0
2018.05.20_10:00:59_238.3_NTU_21.0_C_0
2018.05.20_10:01:09_235.5_NTU_21.0_C_0
2018.05.20_10:01:19_233.0_NTU_21.0_C_0
2018.05.20_10:01:29_230.7_NTU_21.0_C_0
2018.05.20_10:01:39_227.3_NTU_21.0_C_0
2018.05.20_10:01:49_224.1_NTU_21.0_C_0
2018.05.20_10:01:59_221.5_NTU_21.0_C_0
2018.05.20_10:02:09_218.2_NTU_20.9_C_0
2018.05.20_10:02:19_215.0_NTU_21.0_C_0
2018.05.20_10:02:29_211.9_NTU_20.9_C_0
2018.05.20_10:02:39_209.0_NTU_20.9_C_0
2018.05.20_10:02:49_205.7_NTU_20.8_C_0
2018.05.20_10:02:59_201.8_NTU_20.9_C_0
2018.05.20_10:03:09_198.1_NTU_20.8_C_0
2018.05.20_10:03:19_194.5_NTU_20.8_C_0
2018.05.20_10:03:29_191.0_NTU_20.7_C_0
2018.05.20_10:03:39_187.6_NTU_20.8_C_0
2018.05.20_10:03:49_183.6_NTU_20.7_C_0
2018.05.20_10:03:59_180.2_NTU_20.8_C_0
2018.05.20_10:04:09_175.2_NTU_20.7_C_0
2018.05.20_10:04:19_170.8_NTU_20.7_C_0
2018.05.20_10:04:29_166.0_NTU_20.7_C_0
2018.05.20_10:04:39_162.5_NTU_20.6_C_0
2018.05.20_10:04:49_156.2_NTU_20.5_C_0
2018.05.20_10:04:59_152.5_NTU_20.5_C_0
2018.05.20_10:05:09_147.5_NTU_20.6_C_0
2018.05.20_10:05:19_143.0_NTU_20.5_C_0
2018.05.20_10:05:29_138.1_NTU_20.5_C_0
2018.05.20_10:05:39_132.9_NTU_20.5_C_0
2018.05.20_10:05:49_128.2_NTU_20.4_C_0
2018.05.20_10:05:59_123.3_NTU_20.4_C_0
2018.05.20_10:06:09_119.5_NTU_20.4_C_0
2018.05.20_10:06:19_114.4_NTU_20.4_C_0
2018.05.20_10:06:29_112.7_NTU_20.4_C_0
2018.05.20_10:06:39_109.1_NTU_20.3_C_0
2018.05.20_10:06:49_105.7_NTU_20.2_C_0
2018.05.20_10:06:59_104.2_NTU_20.3_C_0
2018.05.20_10:07:09_101.7_NTU_20.3_C_0
2018.05.20_10:07:19_100.5_NTU_20.2_C_0
2018.05.20_10:07:29_98.6_NTU_20.2_C_0
2018.05.20_10:07:39_98.1_NTU_20.2_C_0
2018.05.20_10:07:49_95.9_NTU_20.2_C_0
2018.05.20_10:07:59_96.5_NTU_20.2_C_0
2018.05.20_10:08:09_95.4_NTU_20.2_C_0
2018.05.20_10:08:19_96.2_NTU_20.2_C_0
2018.05.20_10:08:29_96.1_NTU_20.2_C_0
2018.05.20_10:08:39_96.4_NTU_20.1_C_0
2018.05.20_10:08:49_96.0_NTU_20.1_C_0
2018.05.20_10:08:59_94.9_NTU_20.1_C_0
2018.05.20_10:09:09_95.1_NTU_20.1_C_0
2018.05.20_10:09:19_94.7_NTU_20.1_C_0
2018.05.20_10:09:29_94.0_NTU_20.0_C_0
2018.05.20_10:09:39_93.8_NTU_20.0_C_0
2018.05.20_10:09:49_93.7_NTU_20.0_C_0
2018.05.20_10:09:59_92.8_NTU_20.0_C_0
2018.05.20_10:10:09_91.7_NTU_19.9_C_0
2018.05.20_10:10:19_92.0_NTU_19.9_C_0
2018.05.20_10:10:29_91.7_NTU_19.9_C_0
2018.05.20_10:10:39_90.8_NTU_19.9_C_0
2018.05.20_10:10:49_90.7_NTU_19.9_C_0
2018.05.20_10:10:59_90.2_NTU_19.9_C_0
2018.05.20_10:11:09_89.0_NTU_19.9_C_0
2018.05.20_10:11:19_87.7_NTU_19.9_C_0
2018.05.20_10:11:29_87.4_NTU_19.8_C_0
2018.05.20_10:11:39_87.7_NTU_19.8_C_0
2018.05.20_10:11:49_87.1_NTU_19.8_C_0
2018.05.20_10:11:59_86.7_NTU_19.8_C_0
2018.05.20_10:12:09_86.6_NTU_19.8_C_0
2018.05.20_10:12:19_86.2_NTU_19.7_C_0
2018.05.20_10:12:29_85.8_NTU_19.7_C_0
2018.05.20_10:12:39_85.0_NTU_19.7_C_0
2018.05.20_10:12:49_84.0_NTU_19.6_C_0
2018.05.20_10:12:59_83.3_NTU_19.7_C_0
2018.05.20_10:13:09_83.4_NTU_19.6_C_0
2018.05.20_10:13:19_83.3_NTU_19.6_C_0
2018.05.20_10:13:29_82.4_NTU_19.6_C_0
2018.05.20_10:13:39_80.1_NTU_19.6_C_0
2018.05.20_10:13:49_79.8_NTU_19.5_C_0
2018.05.20_10:13:59_79.3_NTU_19.5_C_0
2018.05.20_10:14:09_79.2_NTU_19.5_C_0
2018.05.20_10:14:19_79.3_NTU_19.5_C_0
2018.05.20_10:14:29_79.2_NTU_19.5_C_0
2018.05.20_10:14:39_77.1_NTU_19.5_C_0
2018.05.20_10:14:49_77.5_NTU_19.5_C_0
2018.05.20_10:14:59_74.4_NTU_19.4_C_0
2018.05.20_10:15:09_74.5_NTU_19.4_C_0
2018.05.20_10:15:19_73.1_NTU_19.4_C_0
2018.05.20_10:15:29_72.0_NTU_19.4_C_0
2018.05.20_10:15:39_70.9_NTU_19.3_C_0
2018.05.20_10:15:49_70.3_NTU_19.3_C_0
2018.05.20_10:15:59_65.5_NTU_19.3_C_0
2018.05.20_10:16:09_64.8_NTU_19.3_C_0
2018.05.20_10:16:19_62.6_NTU_19.2_C_0
2018.05.20_10:16:29_61.3_NTU_19.2_C_0
2018.05.20_10:16:39_61.6_NTU_19.2_C_0
2018.05.20_10:16:49_60.4_NTU_19.2_C_0
2018.05.20_10:16:59_57.9_NTU_19.2_C_0
2018.05.20_10:17:09_57.2_NTU_19.1_C_0
2018.05.20_10:17:19_57.2_NTU_19.1_C_0
2018.05.20_10:17:29_56.2_NTU_19.2_C_0
2018.05.20_10:17:39_54.8_NTU_19.0_C_0
2018.05.20_10:17:49_53.3_NTU_19.1_C_0
2018.05.20_10:17:59_36.9_NTU_19.1_C_0
2018.05.20_10:18:09_36.9_NTU_19.0_C_0
2018.05.20_10:18:19_36.7_NTU_19.0_C_0
2018.05.20_10:18:29_36.3_NTU_19.0_C_0
2018.05.20_10:18:39_35.6_NTU_18.9_C_0
2018.05.20_10:18:49_34.6_NTU_18.9_C_0
2018.05.20_10:18:59_34.2_NTU_18.9_C_0
2018.05.20_10:19:09_34.6_NTU_18.9_C_0
2018.05.20_10:19:19_33.3_NTU_18.9_C_0
2018.05.20_10:19:29_33.9_NTU_18.9_C_0
2018.05.20_10:19:39_34.0_NTU_18.9_C_0
2018.05.20_10:19:49_34.2_NTU_18.9_C_0
2018.05.20_10:19:59_34.1_NTU_18.9_C_0
2018.05.20_10:20:09_33.3_NTU_18.8_C_0
2018.05.20_10:20:19_33.6_NTU_18.8_C_0
2018.05.20_10:20:29_33.6_NTU_18.8_C_0
2018.05.20_10:20:39_33.9_NTU_18.8_C_0
2018.05.20_10:20:49_34.0_NTU_18.8_C_0
2018.05.20_10:20:59_34.5_NTU_18.7_C_0
2018.05.20_10:21:09_33.7_NTU_18.8_C_0
2018.05.20_10:21:19_34.6_NTU_18.7_C_0
2018.05.20_10:21:29_33.7_NTU_18.7_C_0
2018.05.20_10:21:39_34.0_NTU_18.7_C_0
2018.05.20_10:21:49_34.9_NTU_18.7_C_0
2018.05.20_10:21:59_35.0_NTU_18.6_C_0
2018.05.20_10:22:09_34.9_NTU_18.6_C_0
2018.05.20_10:22:19_35.3_NTU_18.6_C_0
2018.05.20_10:22:29_34.1_NTU_18.7_C_0
2018.05.20_10:22:39_35.0_NTU_18.6_C_0
2018.05.20_10:22:49_35.2_NTU_18.6_C_0
2018.05.20_10:22:59_41.5_NTU_18.6_C_0
2018.05.20_10:23:09_39.8_NTU_18.6_C_0
2018.05.20_10:23:19_38.4_NTU_18.6_C_0
2018.05.20_10:23:29_38.5_NTU_18.7_C_0
2018.05.20_10:23:39_38.4_NTU_18.6_C_0
2018.05.20_10:23:49_39.2_NTU_18.6_C_0
2018.05.20_10:23:59_38.8_NTU_18.6_C_0
2018.05.20_10:24:09_38.5_NTU_18.6_C_0
2018.05.20_10:24:19_38.9_NTU_18.5_C_0
2018.05.20_10:24:29_39.1_NTU_18.6_C_0
2018.05.20_10:24:39_38.3_NTU_18.5_C_0
2018.05.20_10:24:49_39.2_NTU_18.5_C_0
2018.05.20_10:24:59_38.2_NTU_18.6_C_0
2018.05.20_10:25:09_39.4_NTU_18.6_C_0
2018.05.20_10:25:19_38.3_NTU_18.5_C_0
2018.05.20_10:25:29_39.6_NTU_18.5_C_0
2018.05.20_10:25:39_39.3_NTU_18.5_C_0
2018.05.20_10:25:49_39.1_NTU_18.5_C_0
2018.05.20_10:25:59_39.1_NTU_18.6_C_0
2018.05.20_10:26:09_39.6_NTU_18.5_C_0
2018.05.20_10:26:19_38.4_NTU_18.5_C_0
2018.05.20_10:26:29_39.3_NTU_18.5_C_0
2018.05.20_10:26:39_39.1_NTU_18.5_C_0
2018.05.20_10:26:49_39.2_NTU_18.5_C_0
2018.05.20_10:26:59_38.7_NTU_18.5_C_0
2018.05.20_10:27:09_39.3_NTU_18.5_C_0
2018.05.20_10:27:19_39.2_NTU_18.5_C_0
2018.05.20_10:27:29_39.6_NTU_18.5_C_0
2018.05.20_10:27:39_39.2_NTU_18.5_C_0
2018.05.20_10:27:49_38.5_NTU_18.5_C_0
2018.05.20_10:27:59_39.6_NTU_18.5_C_0
2018.05.20_10:28:09_39.7_NTU_18.5_C_0
2018.05.20_10:28:19_39.3_NTU_18.4_C_0
2018.05.20_10:28:29_39.3_NTU_18.5_C_0
2018.05.20_10:28:39_39.6_NTU_18.5_C_0
2018.05.20_10:28:49_39.1_NTU_18.5_C_0
2018.05.20_10:28:59_39.4_NTU_18.5_C_0
2018.05.20_10:29:09_39.4_NTU_18.5_C_0
2018.05.20_10:29:19_38.9_NTU_18.5_C_0
2018.05.20_10:29:29_39.3_NTU_18.5_C_0
2018.05.20_10:29:39_38.9_NTU_18.4_C_0
2018.05.20_10:29:49_39.1_NTU_18.5_C_0
2018.05.20_10:29:59_38.8_NTU_18.5_C_0
2018.05.20_10:30:09_39.8_NTU_18.4_C_0
2018.05.20_10:30:19_39.8_NTU_18.4_C_0
2018.05.20_10:30:29_39.8_NTU_18.4_C_0
2018.05.20_10:30:39_39.4_NTU_18.5_C_0
2018.05.20_10:30:49_39.2_NTU_18.5_C_0
2018.05.20_10:30:59_39.3_NTU_18.5_C_0
2018.05.20_10:31:09_39.1_NTU_18.4_C_0
2018.05.20_10:31:19_39.1_NTU_18.4_C_0
2018.05.20_10:31:29_39.2_NTU_18.4_C_0
2018.05.20_10:31:39_39.4_NTU_18.4_C_0
2018.05.20_10:31:49_39.3_NTU_18.4_C_0
2018.05.20_10:31:59_39.3_NTU_18.5_C_0
2018.05.20_10:32:09_39.4_NTU_18.4_C_0
2018.05.20_10:32:19_38.9_NTU_18.4_C_0
2018.05.20_10:32:29_39.3_NTU_18.4_C_0
2018.05.20_10:32:39_39.2_NTU_18.4_C_0
2018.05.20_10:32:49_39.4_NTU_18.4_C_0
2018.05.20_10:32:59_39.6_NTU_18.4_C_0
2018.05.20_10:33:09_39.6_NTU_18.4_C_0
2018.05.20_10:33:19_39.2_NTU_18.4_C_0
2018.05.20_10:33:29_40.0_NTU_18.4_C_0
2018.05.20_10:33:39_40.1_NTU_18.4_C_0
2018.05.20_10:33:49_39.3_NTU_18.4_C_0
2018.05.20_10:33:59_40.1_NTU_18.4_C_0
2018.05.20_10:34:09_39.1_NTU_18.4_C_0
2018.05.20_10:34:19_40.2_NTU_18.4_C_0
2018.05.20_10:34:29_40.3_NTU_18.4_C_0
2018.05.20_10:34:39_39.4_NTU_18.4_C_0
2018.05.20_10:34:49_40.1_NTU_18.4_C_0
2018.05.20_10:34:59_40.1_NTU_18.4_C_0
2018.05.20_10:35:09_39.4_NTU_18.4_C_0
2018.05.20_10:35:19_39.2_NTU_18.4_C_0
2018.05.20_10:35:29_40.2_NTU_18.4_C_0
2018.05.20_10:35:39_39.4_NTU_18.4_C_0
2018.05.20_10:35:49_40.3_NTU_18.4_C_0
2018.05.20_10:35:59_39.8_NTU_18.4_C_0
2018.05.20_10:36:09_40.5_NTU_18.5_C_0
2018.05.20_10:36:19_40.4_NTU_18.4_C_0
2018.05.20_10:36:29_40.0_NTU_18.4_C_0
2018.05.20_10:36:39_40.0_NTU_18.4_C_0
2018.05.20_10:36:49_40.2_NTU_18.4_C_0
2018.05.20_10:36:59_40.4_NTU_18.4_C_0
2018.05.20_10:37:09_40.8_NTU_18.5_C_0
2018.05.20_10:37:19_40.3_NTU_18.4_C_0
2018.05.20_10:37:29_40.2_NTU_18.4_C_0
2018.05.20_10:37:39_40.3_NTU_18.4_C_0
2018.05.20_10:37:49_40.4_NTU_18.4_C_0
2018.05.20_10:37:59_40.9_NTU_18.5_C_0
2018.05.20_10:38:09_40.5_NTU_18.4_C_0
2018.05.20_10:38:19_40.4_NTU_18.5_C_0
2018.05.20_10:38:29_40.4_NTU_18.4_C_0
2018.05.20_10:38:39_40.5_NTU_18.5_C_0
2018.05.20_10:38:49_40.8_NTU_18.4_C_0
2018.05.20_10:38:59_40.4_NTU_18.4_C_0
2018.05.20_10:39:09_40.8_NTU_18.4_C_0
2018.05.20_10:39:19_40.8_NTU_18.4_C_0
2018.05.20_10:39:29_40.5_NTU_18.5_C_0
2018.05.20_10:39:39_40.3_NTU_18.4_C_0
2018.05.20_10:39:49_40.5_NTU_18.4_C_0
2018.05.20_10:39:59_40.9_NTU_18.5_C_0
2018.05.20_10:40:09_40.5_NTU_18.4_C_0
2018.05.20_10:40:19_40.9_NTU_18.4_C_0
2018.05.20_10:40:29_40.4_NTU_18.4_C_0
2018.05.20_10:40:39_41.0_NTU_18.4_C_0
2018.05.20_10:40:49_40.4_NTU_18.4_C_0
2018.05.20_10:40:59_40.4_NTU_18.4_C_0
2018.05.20_10:41:09_40.3_NTU_18.4_C_0
2018.05.20_10:41:19_40.5_NTU_18.4_C_0
2018.05.20_10:41:29_40.9_NTU_18.3_C_0
2018.05.20_10:41:39_40.4_NTU_18.4_C_0
2018.05.20_10:41:49_40.3_NTU_18.4_C_0
2018.05.20_10:41:59_40.4_NTU_18.4_C_0
2018.05.20_10:42:09_40.4_NTU_18.4_C_0
2018.05.20_10:42:19_40.4_NTU_18.4_C_0
2018.05.20_10:42:29_40.0_NTU_18.4_C_0
2018.05.20_10:42:39_39.9_NTU_18.4_C_0
2018.05.20_10:42:49_40.1_NTU_18.4_C_0
2018.05.20_10:42:59_40.1_NTU_18.4_C_0
2018.05.20_10:43:09_40.0_NTU_18.4_C_0
2018.05.20_10:43:19_40.0_NTU_18.4_C_0
2018.05.20_10:43:29_39.7_NTU_18.4_C_0
2018.05.20_10:43:39_39.4_NTU_18.4_C_0
2018.05.20_10:43:49_39.6_NTU_18.4_C_0
2018.05.20_10:43:59_39.1_NTU_18.3_C_0
2018.05.20_10:44:09_39.5_NTU_18.3_C_0
2018.05.20_10:44:19_39.3_NTU_18.3_C_0
2018.05.20_10:44:29_39.3_NTU_18.3_C_0
2018.05.20_10:44:39_39.3_NTU_18.3_C_0
2018.05.20_10:44:49_39.6_NTU_18.3_C_0
2018.05.20_10:44:59_39.9_NTU_18.3_C_0
2018.05.20_10:45:09_39.3_NTU_18.3_C_0
2018.05.20_10:45:19_39.6_NTU_18.3_C_0
2018.05.20_10:45:29_39.3_NTU_18.3_C_0
2018.05.20_10:45:39_39.6_NTU_18.2_C_0
2018.05.20_10:45:49_39.1_NTU_18.2_C_0
2018.05.20_10:45:59_39.5_NTU_18.3_C_0
2018.05.20_10:46:09_40.1_NTU_18.2_C_0
2018.05.20_10:46:19_40.2_NTU_18.2_C_0
2018.05.20_10:46:29_39.6_NTU_18.3_C_0
2018.05.20_10:46:39_39.6_NTU_18.2_C_0
2018.05.20_10:46:49_39.4_NTU_18.2_C_0
2018.05.20_10:46:59_39.4_NTU_18.2_C_0
2018.05.20_10:47:09_43.6_NTU_18.2_C_0
2018.05.20_10:47:19_41.8_NTU_18.2_C_0
2018.05.20_10:47:29_42.0_NTU_18.2_C_0
2018.05.20_10:47:39_42.6_NTU_18.1_C_0
2018.05.20_10:47:49_42.3_NTU_18.2_C_0
2018.05.20_10:47:59_42.2_NTU_18.2_C_0
2018.05.20_10:48:09_42.3_NTU_18.2_C_0
2018.05.20_10:48:19_42.5_NTU_18.1_C_0
2018.05.20_10:48:29_41.5_NTU_18.1_C_0
2018.05.20_10:48:39_52.9_NTU_18.1_C_0
2018.05.20_10:48:49_52.8_NTU_18.1_C_0
2018.05.20_10:48:59_53.3_NTU_18.2_C_0
2018.05.20_10:49:09_53.3_NTU_18.1_C_0
2018.05.20_10:49:19_52.8_NTU_18.1_C_0
2018.05.20_10:49:29_53.5_NTU_18.1_C_0
2018.05.20_10:49:39_53.9_NTU_18.1_C_0
2018.05.20_10:49:49_53.3_NTU_18.1_C_0
2018.05.20_10:49:59_53.7_NTU_18.1_C_0
2018.05.20_10:50:09_53.7_NTU_18.2_C_0
2018.05.20_10:50:19_53.6_NTU_18.1_C_0
2018.05.20_10:50:29_53.6_NTU_18.1_C_0
2018.05.20_10:50:39_52.8_NTU_18.1_C_0
2018.05.20_10:50:49_53.1_NTU_18.1_C_0
2018.05.20_10:50:59_53.3_NTU_18.2_C_0
2018.05.20_10:51:09_53.4_NTU_18.1_C_0
2018.05.20_10:51:19_53.6_NTU_18.1_C_0
2018.05.20_10:51:29_54.0_NTU_18.1_C_0
2018.05.20_10:51:39_54.0_NTU_18.1_C_0
2018.05.20_10:51:49_54.5_NTU_18.1_C_0
2018.05.20_10:51:59_54.5_NTU_18.2_C_0
2018.05.20_10:52:09_54.7_NTU_18.1_C_0
2018.05.20_10:52:19_55.1_NTU_18.1_C_0
2018.05.20_10:52:29_55.6_NTU_18.2_C_0
2018.05.20_10:52:39_55.3_NTU_18.1_C_0
2018.05.20_10:52:49_55.3_NTU_18.1_C_0
2018.05.20_10:52:59_56.4_NTU_18.2_C_0
2018.05.20_10:53:09_56.3_NTU_18.2_C_0
2018.05.20_10:53:19_55.7_NTU_18.1_C_0
2018.05.20_10:53:29_56.2_NTU_18.1_C_0
2018.05.20_10:53:39_55.3_NTU_18.2_C_0
2018.05.20_10:53:49_56.7_NTU_18.1_C_0
2018.05.20_10:53:59_56.9_NTU_18.1_C_0
2018.05.20_10:54:09_57.4_NTU_18.2_C_0
2018.05.20_10:54:19_56.9_NTU_18.3_C_0
2018.05.20_10:54:29_56.9_NTU_18.1_C_0
2018.05.20_10:54:39_56.9_NTU_18.2_C_0
2018.05.20_10:54:49_57.4_NTU_18.3_C_0
2018.05.20_10:54:59_57.8_NTU_18.2_C_0
2018.05.20_10:55:09_58.3_NTU_18.2_C_0
2018.05.20_10:55:19_59.3_NTU_18.2_C_0
2018.05.20_10:55:29_59.4_NTU_18.2_C_0
2018.05.20_10:55:39_59.9_NTU_18.2_C_0
2018.05.20_10:55:49_59.7_NTU_18.3_C_0
2018.05.20_10:55:59_60.2_NTU_18.2_C_0
2018.05.20_10:56:09_61.1_NTU_18.2_C_0
2018.05.20_10:56:19_60.9_NTU_18.2_C_0
2018.05.20_10:56:29_61.2_NTU_18.3_C_0
2018.05.20_10:56:39_61.7_NTU_18.2_C_0
2018.05.20_10:56:49_61.5_NTU_18.4_C_0
2018.05.20_10:56:59_61.3_NTU_18.2_C_0
2018.05.20_10:57:09_61.5_NTU_18.3_C_0
2018.05.20_10:57:19_61.9_NTU_18.4_C_0
2018.05.20_10:57:29_62.4_NTU_18.3_C_0
2018.05.20_10:57:39_62.4_NTU_18.3_C_0
2018.05.20_10:57:49_62.9_NTU_18.4_C_0
2018.05.20_10:57:59_62.4_NTU_18.3_C_0
2018.05.20_10:58:09_63.6_NTU_18.3_C_0
2018.05.20_10:58:19_61.8_NTU_18.3_C_0
2018.05.20_10:58:29_70.8_NTU_18.4_C_0
2018.05.20_10:58:39_70.4_NTU_18.3_C_0
2018.05.20_10:58:49_70.0_NTU_18.4_C_0
2018.05.20_10:58:59_70.0_NTU_18.3_C_0
2018.05.20_10:59:09_67.6_NTU_18.4_C_0
2018.05.20_10:59:19_68.0_NTU_18.4_C_0
2018.05.20_10:59:29_67.6_NTU_18.4_C_0
2018.05.20_10:59:39_68.3_NTU_18.4_C_0
2018.05.20_10:59:49_68.5_NTU_18.3_C_0
2018.05.20_10:59:59_70.1_NTU_18.4_C_0
2018.05.20_11:00:09_69.3_NTU_18.4_C_0
2018.05.20_11:00:19_68.1_NTU_18.4_C_0
2018.05.20_11:00:29_68.6_NTU_18.4_C_0
2018.05.20_11:00:39_68.6_NTU_18.4_C_0
2018.05.20_11:00:49_66.2_NTU_18.5_C_0
2018.05.20_11:00:59_66.2_NTU_18.5_C_0
2018.05.20_11:01:09_66.9_NTU_18.4_C_0
2018.05.20_11:01:19_65.7_NTU_18.5_C_0
2018.05.20_11:01:29_66.9_NTU_18.5_C_0
2018.05.20_11:01:39_67.3_NTU_18.5_C_0
2018.05.20_11:01:49_67.3_NTU_18.5_C_0
2018.05.20_11:01:59_68.4_NTU_18.5_C_0
2018.05.20_11:02:09_69.1_NTU_18.6_C_0
2018.05.20_11:02:19_70.0_NTU_18.6_C_0
2018.05.20_11:02:29_69.6_NTU_18.6_C_0
2018.05.20_11:02:39_71.0_NTU_18.7_C_0
2018.05.20_11:02:49_45.4_NTU_18.7_C_0
2018.05.20_11:02:59_47.1_NTU_18.8_C_0
2018.05.20_11:03:09_47.2_NTU_18.8_C_0
2018.05.20_11:03:19_47.6_NTU_18.9_C_0
2018.05.20_11:03:29_48.3_NTU_18.9_C_0
2018.05.20_11:03:39_48.7_NTU_19.0_C_0
2018.05.20_11:03:49_49.9_NTU_19.1_C_0
2018.05.20_11:03:59_49.9_NTU_19.2_C_0
2018.05.20_11:04:09_49.4_NTU_19.2_C_0
2018.05.20_11:04:19_48.0_NTU_19.2_C_0
2018.05.20_11:04:29_47.7_NTU_19.3_C_0
2018.05.20_11:04:39_46.0_NTU_19.3_C_0
2018.05.20_11:04:49_44.2_NTU_19.4_C_0
2018.05.20_11:04:59_43.3_NTU_19.4_C_0
2018.05.20_11:05:09_52.0_NTU_19.4_C_0
2018.05.20_11:05:19_49.5_NTU_19.4_C_0
2018.05.20_11:05:29_40.1_NTU_19.4_C_0
2018.05.20_11:05:39_56.7_NTU_19.3_C_0
2018.05.20_11:05:49_55.2_NTU_19.2_C_0
2018.05.20_11:05:59_29.8_NTU_19.2_C_0
2018.05.20_11:06:09_29.9_NTU_19.1_C_0
2018.05.20_11:06:19_33.1_NTU_19.0_C_0
2018.05.20_11:06:29_32.5_NTU_19.0_C_0
2018.05.20_11:06:39_20.4_NTU_18.9_C_0
2018.05.20_11:06:49_32.8_NTU_18.8_C_0
2018.05.20_11:06:59_159.9_NTU_18.6_C_0
2018.05.20_11:07:09_25.3_NTU_18.2_C_0
2018.05.20_11:07:19_20.3_NTU_16.8_C_0
2018.05.20_11:07:29_33.6_NTU_15.5_C_0
2018.05.20_11:07:39_20.4_NTU_14.3_C_0
2018.05.20_11:07:49_21.7_NTU_13.3_C_0
2018.05.20_11:07:59_23.5_NTU_12.5_C_0
2018.05.20_11:08:09_22.5_NTU_11.7_C_0
2018.05.20_11:08:19_18.6_NTU_11.1_C_0
2018.05.20_11:08:29_24.3_NTU_10.4_C_0
2018.05.20_11:08:39_38.8_NTU_10.0_C_0
2018.05.20_11:08:49_30.9_NTU_9.5_C_0
2018.05.20_11:08:59_47.3_NTU_9.2_C_0
2018.05.20_11:09:09_84.3_NTU_8.8_C_0
2018.05.20_11:09:19_32.2_NTU_8.5_C_0
2018.05.20_11:09:29_23.5_NTU_8.2_C_0
2018.05.20_11:09:39_22.0_NTU_7.9_C_0
2018.05.20_11:09:49_24.2_NTU_7.7_C_0
2018.05.20_11:09:59_21.0_NTU_7.5_C_0
2018.05.20_11:10:09_20.1_NTU_7.3_C_0
2018.05.20_11:10:19_21.2_NTU_7.1_C_0
2018.05.20_11:10:29_19.8_NTU_6.9_C_0
2018.05.20_11:10:39_19.9_NTU_6.8_C_0
2018.05.20_11:10:49_19.9_NTU_6.6_C_0
2018.05.20_11:10:59_25.9_NTU_6.4_C_0
2018.05.20_11:11:09_21.9_NTU_6.4_C_0
2018.05.20_11:11:19_20.9_NTU_6.2_C_0
2018.05.20_11:11:29_30.9_NTU_6.0_C_0
2018.05.20_11:11:39_19.6_NTU_5.9_C_0
2018.05.20_11:11:49_24.0_NTU_5.8_C_0
2018.05.20_11:11:59_20.0_NTU_5.6_C_0
2018.05.20_11:12:09_20.1_NTU_5.6_C_0
2018.05.20_11:12:19_19.4_NTU_5.5_C_0
2018.05.20_11:12:29_23.7_NTU_5.4_C_0
2018.05.20_11:12:39_20.4_NTU_5.3_C_0
2018.05.20_11:12:49_24.6_NTU_5.2_C_0
2018.05.20_11:12:59_22.9_NTU_5.1_C_0
2018.05.20_11:13:09_20.1_NTU_4.9_C_0
2018.05.20_11:13:19_20.0_NTU_4.9_C_0
2018.05.20_11:13:29_23.5_NTU_4.8_C_0
2018.05.20_11:13:39_21.0_NTU_4.8_C_0
2018.05.20_11:13:49_21.2_NTU_4.7_C_0
2018.05.20_11:13:59_21.2_NTU_4.7_C_0
2018.05.20_11:14:09_25.4_NTU_4.6_C_0
2018.05.20_11:14:19_20.7_NTU_4.5_C_0
2018.05.20_11:14:29_24.0_NTU_4.4_C_0
2018.05.20_11:14:39_20.5_NTU_4.5_C_0
2018.05.20_11:14:49_19.9_NTU_4.3_C_0
2018.05.20_11:14:59_30.2_NTU_4.3_C_0
2018.05.20_11:15:09_22.3_NTU_4.2_C_0
2018.05.20_11:15:19_21.3_NTU_4.1_C_0
2018.05.20_11:15:29_25.5_NTU_4.1_C_0
2018.05.20_11:15:39_21.1_NTU_4.1_C_0
2018.05.20_11:15:49_15.8_NTU_4.0_C_0
2018.05.20_11:15:59_20.7_NTU_4.0_C_0
2018.05.20_11:16:09_22.9_NTU_4.0_C_0
2018.05.20_11:16:19_27.3_NTU_4.0_C_0
2018.05.20_11:16:29_23.5_NTU_3.9_C_0
2018.05.20_11:16:39_23.2_NTU_3.8_C_0
2018.05.20_11:16:49_22.6_NTU_3.9_C_0
2018.05.20_11:16:59_19.0_NTU_3.8_C_0
2018.05.20_11:17:09_17.1_NTU_3.8_C_0
2018.05.20_11:17:19_17.5_NTU_3.7_C_0
2018.05.20_11:17:29_19.9_NTU_3.7_C_0
2018.05.20_11:17:39_20.5_NTU_3.6_C_0
2018.05.20_11:17:49_27.4_NTU_3.6_C_0
2018.05.20_11:17:59_17.7_NTU_3.5_C_0
2018.05.20_11:18:09_25.6_NTU_3.6_C_0
2018.05.20_11:18:19_19.4_NTU_3.5_C_0
2018.05.20_11:18:29_30.6_NTU_3.5_C_0
2018.05.20_11:18:39_21.0_NTU_3.5_C_0
2018.05.20_11:18:49_22.0_NTU_3.4_C_0
2018.05.20_11:18:59_21.0_NTU_3.4_C_0
2018.05.20_11:19:09_21.3_NTU_3.4_C_0
2018.05.20_11:19:19_19.5_NTU_3.4_C_0
2018.05.20_11:19:29_22.6_NTU_3.3_C_0
2018.05.20_11:19:39_23.1_NTU_3.3_C_0
2018.05.20_11:19:49_20.6_NTU_3.3_C_0
2018.05.20_11:19:59_19.3_NTU_3.3_C_0
2018.05.20_11:20:09_22.6_NTU_3.3_C_0
2018.05.20_11:20:19_19.3_NTU_3.3_C_0
2018.05.20_11:20:29_21.9_NTU_3.3_C_0
2018.05.20_11:20:39_22.8_NTU_3.3_C_0
2018.05.20_11:20:49_19.5_NTU_3.3_C_0
2018.05.20_11:20:59_20.3_NTU_3.3_C_0
2018.05.20_11:21:09_20.3_NTU_3.2_C_0
2018.05.20_11:21:19_22.0_NTU_3.2_C_0
2018.05.20_11:21:29_20.9_NTU_3.2_C_0
2018.05.20_11:21:39_19.3_NTU_3.2_C_0
2018.05.20_11:21:49_20.3_NTU_3.2_C_0
2018.05.20_11:21:59_19.0_NTU_3.1_C_0
2018.05.20_11:22:09_19.2_NTU_3.1_C_0
2018.05.20_11:22:19_21.1_NTU_3.1_C_0
2018.05.20_11:22:29_25.5_NTU_3.1_C_0
2018.05.20_11:22:39_22.2_NTU_3.1_C_0
2018.05.20_11:22:49_24.1_NTU_3.1_C_0
2018.05.20_11:22:59_31.1_NTU_3.1_C_0
2018.05.20_11:23:09_25.1_NTU_3.1_C_0
2018.05.20_11:23:19_19.3_NTU_3.1_C_0
2018.05.20_11:23:29_19.3_NTU_3.1_C_0
2018.05.20_11:23:39_22.2_NTU_3.0_C_0
2018.05.20_11:23:49_28.2_NTU_3.0_C_0
2018.05.20_11:23:59_22.5_NTU_3.0_C_0
2018.05.20_11:24:09_23.8_NTU_3.0_C_0
2018.05.20_11:24:19_20.6_NTU_3.0_C_0
2018.05.20_11:24:29_16.1_NTU_3.0_C_0
2018.05.20_11:24:39_19.8_NTU_3.0_C_0
2018.05.20_11:24:49_25.1_NTU_3.0_C_0
2018.05.20_11:24:59_20.1_NTU_3.0_C_0
2018.05.20_11:25:09_26.1_NTU_3.0_C_0
2018.05.20_11:25:19_31.3_NTU_3.0_C_0
2018.05.20_11:25:29_20.3_NTU_2.9_C_0
2018.05.20_11:25:39_20.9_NTU_2.9_C_0
2018.05.20_11:25:49_27.0_NTU_3.0_C_0
2018.05.20_11:25:59_20.1_NTU_3.0_C_0
2018.05.20_11:26:09_21.1_NTU_2.9_C_0
2018.05.20_11:26:19_21.4_NTU_2.9_C_0
2018.05.20_11:26:29_18.1_NTU_2.9_C_0
2018.05.20_11:26:39_21.2_NTU_2.9_C_0
2018.05.20_11:26:49_21.9_NTU_2.9_C_0
2018.05.20_11:26:59_27.6_NTU_2.9_C_0
2018.05.20_11:27:09_23.4_NTU_2.9_C_0
2018.05.20_11:27:19_16.8_NTU_2.9_C_0
2018.05.20_11:27:29_19.8_NTU_2.9_C_0
2018.05.20_11:27:39_21.9_NTU_2.9_C_0
2018.05.20_11:27:49_22.5_NTU_2.9_C_0
2018.05.20_11:28:00_21.2_NTU_2.9_C_0
2018.05.20_11:28:10_20.1_NTU_2.9_C_0
2018.05.20_11:28:20_21.9_NTU_2.9_C_0
2018.05.20_11:28:30_21.2_NTU_2.9_C_0
2018.05.20_11:28:40_22.5_NTU_2.9_C_0
2018.05.20_11:28:50_20.1_NTU_2.8_C_0
2018.05.20_11:29:00_19.8_NTU_2.9_C_0
2018.05.20_11:29:10_20.8_NTU_2.9_C_0
2018.05.20_11:29:20_19.7_NTU_2.9_C_0
2018.05.20_11:29:30_20.6_NTU_2.9_C_0
2018.05.20_11:29:40_22.7_NTU_2.9_C_0
2018.05.20_11:29:50_23.0_NTU_2.9_C_0
2018.05.20_11:30:00_18.1_NTU_2.9_C_0
2018.05.20_11:30:10_17.8_NTU_2.8_C_0
2018.05.20_11:30:20_20.5_NTU_2.9_C_0
2018.05.20_11:30:30_19.4_NTU_2.9_C_0
2018.05.20_11:30:40_21.4_NTU_2.9_C_0
2018.05.20_11:30:50_22.1_NTU_2.9_C_0
2018.05.20_11:31:00_21.8_NTU_2.9_C_0
2018.05.20_11:31:10_21.6_NTU_2.8_C_0
2018.05.20_11:31:20_20.1_NTU_2.9_C_0
2018.05.20_11:31:30_18.5_NTU_2.9_C_0
2018.05.20_11:31:40_23.8_NTU_2.8_C_0
2018.05.20_11:31:50_24.2_NTU_2.8_C_0
2018.05.20_11:32:00_18.2_NTU_2.8_C_0
2018.05.20_11:32:10_20.3_NTU_2.9_C_0
2018.05.20_11:32:20_20.7_NTU_2.9_C_0
2018.05.20_11:32:30_19.6_NTU_2.9_C_0
2018.05.20_11:32:40_16.4_NTU_2.9_C_0
2018.05.20_11:32:50_18.1_NTU_2.9_C_0
2018.05.20_11:33:00_22.9_NTU_2.9_C_0
2018.05.20_11:33:10_22.6_NTU_2.9_C_0
2018.05.20_11:33:20_18.6_NTU_2.8_C_0
2018.05.20_11:33:30_24.0_NTU_2.9_C_0
2018.05.20_11:33:40_24.2_NTU_2.9_C_0
2018.05.20_11:33:50_16.1_NTU_2.8_C_0
2018.05.20_11:34:00_19.7_NTU_2.9_C_0
2018.05.20_11:34:10_21.8_NTU_2.8_C_0
2018.05.20_11:34:20_23.5_NTU_2.9_C_0
2018.05.20_11:34:30_20.0_NTU_2.9_C_0
2018.05.20_11:34:40_19.0_NTU_2.8_C_0
2018.05.20_11:34:50_18.4_NTU_2.9_C_0
2018.05.20_11:35:00_21.3_NTU_2.8_C_0
2018.05.20_11:35:10_18.6_NTU_2.9_C_0
2018.05.20_11:35:20_24.0_NTU_2.9_C_0
2018.05.20_11:35:30_21.2_NTU_2.9_C_0
2018.05.20_11:35:40_22.5_NTU_2.9_C_0
2018.05.20_11:35:50_20.3_NTU_2.9_C_0
2018.05.20_11:36:00_18.6_NTU_2.9_C_0
2018.05.20_11:36:10_20.8_NTU_2.9_C_0
2018.05.20_11:36:20_18.5_NTU_2.9_C_0
2018.05.20_11:36:30_20.8_NTU_2.9_C_0
2018.05.20_11:36:40_19.5_NTU_2.9_C_0
2018.05.20_11:36:50_28.2_NTU_2.9_C_0
2018.05.20_11:37:00_19.8_NTU_2.9_C_0
2018.05.20_11:37:10_21.1_NTU_2.9_C_0
2018.05.20_11:37:20_20.9_NTU_2.8_C_0
2018.05.20_11:37:30_32.3_NTU_2.9_C_0
2018.05.20_11:37:40_19.4_NTU_2.9_C_0
2018.05.20_11:37:50_20.1_NTU_2.9_C_0
2018.05.20_11:38:00_18.9_NTU_2.9_C_0
2018.05.20_11:38:10_21.4_NTU_2.9_C_0
2018.05.20_11:38:20_20.8_NTU_2.9_C_0
2018.05.20_11:38:30_17.6_NTU_2.9_C_0
2018.05.20_11:38:40_18.4_NTU_2.9_C_0
2018.05.20_11:38:50_22.1_NTU_2.9_C_0
2018.05.20_11:39:00_18.6_NTU_2.9_C_0
2018.05.20_11:39:10_21.9_NTU_2.9_C_0
2018.05.20_11:39:20_17.8_NTU_2.9_C_0
2018.05.20_11:39:30_21.1_NTU_2.9_C_0
2018.05.20_11:39:40_17.4_NTU_2.9_C_0
2018.05.20_11:39:50_22.8_NTU_2.9_C_0
2018.05.20_11:40:00_18.9_NTU_2.9_C_0
2018.05.20_11:40:10_19.6_NTU_2.9_C_0
2018.05.20_11:40:20_17.7_NTU_2.9_C_0
2018.05.20_11:40:30_20.8_NTU_2.9_C_0
2018.05.20_11:40:40_20.9_NTU_2.9_C_0
2018.05.20_11:40:50_21.1_NTU_3.0_C_0
2018.05.20_11:41:00_17.8_NTU_2.9_C_0
2018.05.20_11:41:10_22.5_NTU_3.0_C_0
2018.05.20_11:41:20_18.8_NTU_2.9_C_0
2018.05.20_11:41:30_18.2_NTU_2.9_C_0
2018.05.20_11:41:40_20.1_NTU_2.9_C_0
2018.05.20_11:41:50_22.1_NTU_3.0_C_0
2018.05.20_11:42:00_22.3_NTU_3.0_C_0
2018.05.20_11:42:10_22.6_NTU_2.9_C_0
2018.05.20_11:42:20_23.3_NTU_3.0_C_0
2018.05.20_11:42:30_23.5_NTU_3.0_C_0
2018.05.20_11:42:40_20.5_NTU_3.0_C_0
2018.05.20_11:42:50_19.2_NTU_3.0_C_0
2018.05.20_11:43:00_20.8_NTU_3.0_C_0
2018.05.20_11:43:10_24.7_NTU_3.0_C_0
2018.05.20_11:43:20_20.5_NTU_3.0_C_0
2018.05.20_11:43:30_17.7_NTU_3.0_C_0
2018.05.20_11:43:40_17.2_NTU_2.9_C_0
2018.05.20_11:43:50_20.3_NTU_3.0_C_0
2018.05.20_11:44:00_20.4_NTU_3.0_C_0
2018.05.20_11:44:10_20.6_NTU_3.0_C_0
2018.05.20_11:44:20_21.1_NTU_3.0_C_0
2018.05.20_11:44:30_22.8_NTU_3.0_C_0
2018.05.20_11:44:40_20.8_NTU_3.0_C_0
2018.05.20_11:44:50_20.4_NTU_3.0_C_0
2018.05.20_11:45:00_20.8_NTU_3.0_C_0
2018.05.20_11:45:10_19.5_NTU_3.0_C_0
2018.05.20_11:45:20_22.5_NTU_3.0_C_0
2018.05.20_11:45:30_19.8_NTU_3.0_C_0
2018.05.20_11:45:40_22.1_NTU_3.0_C_0
2018.05.20_11:45:50_20.1_NTU_3.0_C_0
2018.05.20_11:46:00_23.2_NTU_3.0_C_0
2018.05.20_11:46:10_23.8_NTU_3.0_C_0
2018.05.20_11:46:20_21.4_NTU_3.0_C_0
2018.05.20_11:46:30_16.6_NTU_3.0_C_0
2018.05.20_11:46:40_18.2_NTU_3.0_C_0
2018.05.20_11:46:50_22.5_NTU_3.0_C_0
2018.05.20_11:47:00_23.1_NTU_3.0_C_0
2018.05.20_11:47:10_20.3_NTU_3.1_C_0
2018.05.20_11:47:20_18.9_NTU_3.0_C_0
2018.05.20_11:47:30_23.5_NTU_3.0_C_0
2018.05.20_11:47:40_22.1_NTU_3.0_C_0
2018.05.20_11:47:50_20.9_NTU_3.0_C_0
2018.05.20_11:48:00_19.5_NTU_3.1_C_0
2018.05.20_11:48:10_21.1_NTU_3.1_C_0
2018.05.20_11:48:20_22.8_NTU_3.1_C_0
2018.05.20_11:48:30_21.4_NTU_3.0_C_0
2018.05.20_11:48:40_17.7_NTU_3.1_C_0
2018.05.20_11:48:50_20.0_NTU_3.1_C_0
2018.05.20_11:49:00_22.6_NTU_3.1_C_0
2018.05.20_11:49:10_19.8_NTU_3.1_C_0
2018.05.20_11:49:20_22.3_NTU_3.0_C_0
2018.05.20_11:49:30_22.6_NTU_3.1_C_0
2018.05.20_11:49:40_21.3_NTU_3.1_C_0
2018.05.20_11:49:50_24.9_NTU_3.1_C_0
2018.05.20_11:50:00_20.1_NTU_3.1_C_0
2018.05.20_11:50:10_20.4_NTU_3.1_C_0
2018.05.20_11:50:20_18.6_NTU_3.1_C_0
2018.05.20_11:50:30_19.2_NTU_3.1_C_0
2018.05.20_11:50:40_25.8_NTU_3.1_C_0
2018.05.20_11:50:50_28.7_NTU_3.1_C_0
2018.05.20_11:51:00_20.1_NTU_3.1_C_0
2018.05.20_11:51:10_19.4_NTU_3.1_C_0
2018.05.20_11:51:20_18.2_NTU_3.1_C_0
2018.05.20_11:51:30_22.7_NTU_3.1_C_0
2018.05.20_11:51:40_18.1_NTU_3.1_C_0
2018.05.20_11:51:50_20.0_NTU_3.1_C_0
2018.05.20_11:52:00_18.8_NTU_3.1_C_0
2018.05.20_11:52:10_22.6_NTU_3.1_C_0
2018.05.20_11:52:20_18.1_NTU_3.1_C_0
2018.05.20_11:52:30_22.6_NTU_3.1_C_0
2018.05.20_11:52:40_21.0_NTU_3.2_C_0
2018.05.20_11:52:50_16.5_NTU_3.1_C_0
2018.05.20_11:53:00_18.5_NTU_3.1_C_0
2018.05.20_11:53:10_18.9_NTU_3.2_C_0
2018.05.20_11:53:20_20.9_NTU_3.1_C_0
2018.05.20_11:53:30_19.8_NTU_3.1_C_0
2018.05.20_11:53:40_23.0_NTU_3.1_C_0
2018.05.20_11:53:50_20.9_NTU_3.2_C_0
2018.05.20_11:54:00_18.0_NTU_3.1_C_0
2018.05.20_11:54:10_23.5_NTU_3.1_C_0
2018.05.20_11:54:20_18.5_NTU_3.1_C_0
2018.05.20_11:54:30_20.4_NTU_3.1_C_0
2018.05.20_11:54:40_22.5_NTU_3.2_C_0
2018.05.20_11:54:50_21.3_NTU_3.1_C_0
2018.05.20_11:55:00_18.1_NTU_3.1_C_0
2018.05.20_11:55:10_23.4_NTU_3.2_C_0
2018.05.20_11:55:20_15.8_NTU_3.2_C_0
2018.05.20_11:55:30_21.4_NTU_3.2_C_0
2018.05.20_11:55:40_20.3_NTU_3.2_C_0
2018.05.20_11:55:50_19.8_NTU_3.2_C_0
2018.05.20_11:56:00_24.1_NTU_3.1_C_0
2018.05.20_11:56:10_20.1_NTU_3.2_C_0
2018.05.20_11:56:20_23.3_NTU_3.2_C_0
2018.05.20_11:56:30_26.5_NTU_3.2_C_0
2018.05.20_11:56:40_21.3_NTU_3.2_C_0
2018.05.20_11:56:50_20.4_NTU_3.2_C_0
2018.05.20_11:57:00_20.1_NTU_3.2_C_0
2018.05.20_11:57:10_22.0_NTU_3.2_C_0
2018.05.20_11:57:20_25.5_NTU_3.2_C_0
2018.05.20_11:57:30_20.9_NTU_3.2_C_0
2018.05.20_11:57:40_21.4_NTU_3.2_C_0
2018.05.20_11:57:50_19.8_NTU_3.2_C_0
2018.05.20_11:58:00_18.9_NTU_3.2_C_0
2018.05.20_11:58:10_20.6_NTU_3.2_C_0
2018.05.20_11:58:20_19.3_NTU_3.2_C_0
2018.05.20_11:58:30_19.8_NTU_3.2_C_0
2018.05.20_11:58:40_19.8_NTU_3.3_C_0
2018.05.20_11:58:50_18.9_NTU_3.2_C_0
2018.05.20_11:59:00_18.7_NTU_3.2_C_0
2018.05.20_11:59:10_19.8_NTU_3.2_C_0
2018.05.20_11:59:20_19.5_NTU_3.2_C_0
2018.05.20_11:59:30_22.7_NTU_3.2_C_0
2018.05.20_11:59:40_24.6_NTU_3.2_C_0
2018.05.20_11:59:50_20.1_NTU_3.2_C_0
2018.05.20_12:00:00_21.1_NTU_3.2_C_0
2018.05.20_12:00:10_17.0_NTU_3.2_C_0
2018.05.20_12:00:20_17.7_NTU_3.2_C_0
2018.05.20_12:00:30_19.2_NTU_3.2_C_0
2018.05.20_12:00:40_20.9_NTU_3.2_C_0
2018.05.20_12:00:50_21.6_NTU_3.3_C_0
2018.05.20_12:01:00_17.5_NTU_3.2_C_0
2018.05.20_12:01:10_19.8_NTU_3.2_C_0
2018.05.20_12:01:20_20.3_NTU_3.3_C_0
2018.05.20_12:01:30_16.8_NTU_3.2_C_0
2018.05.20_12:01:40_17.3_NTU_3.2_C_0
2018.05.20_12:01:50_19.5_NTU_3.3_C_0
2018.05.20_12:02:00_23.0_NTU_3.3_C_0
2018.05.20_12:02:10_19.8_NTU_3.3_C_0
2018.05.20_12:02:20_18.2_NTU_3.3_C_0
2018.05.20_12:02:30_20.0_NTU_3.3_C_0
2018.05.20_12:02:40_20.9_NTU_3.3_C_0
2018.05.20_12:02:50_20.8_NTU_3.3_C_0
2018.05.20_12:03:00_18.7_NTU_3.3_C_0
2018.05.20_12:03:10_19.5_NTU_3.3_C_0
2018.05.20_12:03:20_19.4_NTU_3.3_C_0
2018.05.20_12:03:30_19.8_NTU_3.3_C_0
2018.05.20_12:03:40_19.4_NTU_3.3_C_0
2018.05.20_12:03:50_22.6_NTU_3.3_C_0
2018.05.20_12:04:00_18.7_NTU_3.3_C_0
2018.05.20_12:04:10_19.7_NTU_3.3_C_0
2018.05.20_12:04:20_15.4_NTU_3.3_C_0
2018.05.20_12:04:30_18.2_NTU_3.3_C_0
2018.05.20_12:04:40_17.4_NTU_3.3_C_0
2018.05.20_12:04:50_21.2_NTU_3.3_C_0
2018.05.20_12:05:00_19.2_NTU_3.3_C_0
2018.05.20_12:05:10_23.3_NTU_3.3_C_0
2018.05.20_12:05:20_20.8_NTU_3.3_C_0
2018.05.20_12:05:30_23.9_NTU_3.3_C_0
2018.05.20_12:05:40_23.9_NTU_3.3_C_0
2018.05.20_12:05:50_18.5_NTU_3.3_C_0
2018.05.20_12:06:00_20.9_NTU_3.3_C_0
2018.05.20_12:06:10_28.8_NTU_3.3_C_0
2018.05.20_12:06:20_18.7_NTU_3.3_C_0
2018.05.20_12:06:30_23.7_NTU_3.3_C_0
2018.05.20_12:06:40_15.8_NTU_3.3_C_0
2018.05.20_12:06:50_26.6_NTU_3.3_C_0
2018.05.20_12:07:00_20.0_NTU_3.3_C_0
2018.05.20_12:07:10_24.4_NTU_3.3_C_0
2018.05.20_12:07:20_19.4_NTU_3.3_C_0
2018.05.20_12:07:30_25.9_NTU_3.3_C_0
2018.05.20_12:07:40_20.6_NTU_3.3_C_0
2018.05.20_12:07:50_18.9_NTU_3.3_C_0
2018.05.20_12:08:00_20.9_NTU_3.3_C_0
2018.05.20_12:08:10_15.8_NTU_3.3_C_0
2018.05.20_12:08:20_18.5_NTU_3.3_C_0
2018.05.20_12:08:30_19.2_NTU_3.3_C_0
2018.05.20_12:08:40_20.1_NTU_3.3_C_0
2018.05.20_12:08:50_16.8_NTU_3.3_C_0
2018.05.20_12:09:00_19.0_NTU_3.3_C_0
2018.05.20_12:09:10_17.5_NTU_3.3_C_0
2018.05.20_12:09:20_20.1_NTU_3.3_C_0
2018.05.20_12:09:30_19.9_NTU_3.3_C_0
2018.05.20_12:09:40_21.1_NTU_3.4_C_0
2018.05.20_12:09:50_20.1_NTU_3.3_C_0
2018.05.20_12:10:00_21.2_NTU_3.3_C_0
2018.05.20_12:10:10_19.7_NTU_3.3_C_0
2018.05.20_12:10:20_22.2_NTU_3.4_C_0
2018.05.20_12:10:30_25.1_NTU_3.4_C_0
2018.05.20_12:10:40_19.3_NTU_3.3_C_0
2018.05.20_12:10:50_16.9_NTU_3.4_C_0
2018.05.20_12:11:00_20.1_NTU_3.3_C_0
2018.05.20_12:11:10_18.6_NTU_3.4_C_0
2018.05.20_12:11:20_36.4_NTU_3.4_C_0
2018.05.20_12:11:30_24.1_NTU_3.4_C_0
2018.05.20_12:11:40_22.0_NTU_3.4_C_0
2018.05.20_12:11:50_19.5_NTU_3.3_C_0
2018.05.20_12:12:00_18.1_NTU_3.4_C_0
2018.05.20_12:12:10_23.2_NTU_3.3_C_0
2018.05.20_12:12:20_17.2_NTU_3.4_C_0
2018.05.20_12:12:30_21.0_NTU_3.4_C_0
2018.05.20_12:12:40_22.7_NTU_3.4_C_0
2018.05.20_12:12:50_16.9_NTU_3.4_C_0
2018.05.20_12:13:00_20.1_NTU_3.4_C_0
2018.05.20_12:13:10_21.4_NTU_3.4_C_0
2018.05.20_12:13:20_26.5_NTU_3.4_C_0
2018.05.20_12:13:30_18.5_NTU_3.4_C_0
2018.05.20_12:13:40_20.1_NTU_3.4_C_0
2018.05.20_12:13:50_18.7_NTU_3.4_C_0
2018.05.20_12:14:00_21.9_NTU_3.4_C_0
2018.05.20_12:14:10_18.0_NTU_3.4_C_0
2018.05.20_12:14:20_19.4_NTU_3.4_C_0
2018.05.20_12:14:30_20.1_NTU_3.4_C_0
2018.05.20_12:14:40_1433.8_NTU_3.4_C_0
2018.05.20_12:14:50_2.9_NTU_3.4_C_0
2018.05.20_12:15:00_3.3_NTU_3.6_C_0
2018.05.20_12:15:10_14.5_NTU_3.8_C_0
2018.05.20_12:15:20_14.8_NTU_4.0_C_0
2018.05.20_12:15:30_15.4_NTU_4.2_C_0
2018.05.20_12:15:40_16.7_NTU_4.5_C_0
2018.05.20_12:15:50_13.3_NTU_4.7_C_0
2018.05.20_12:16:00_16.3_NTU_4.9_C_0
2018.05.20_12:16:10_13.9_NTU_5.1_C_0
2018.05.20_12:16:20_15.8_NTU_5.4_C_0
2018.05.20_12:16:30_19.6_NTU_5.5_C_0
2018.05.20_12:16:40_33.1_NTU_5.6_C_0
2018.05.20_12:16:50_33.1_NTU_5.8_C_0
2018.05.20_12:17:00_27.6_NTU_5.9_C_0
2018.05.20_12:17:10_26.7_NTU_6.0_C_0
2018.05.20_12:17:20_34.0_NTU_6.1_C_0
2018.05.20_12:17:30_35.0_NTU_6.2_C_0
2018.05.20_12:17:40_35.8_NTU_6.4_C_0
2018.05.20_12:17:50_36.4_NTU_6.4_C_0
2018.05.20_12:18:00_36.8_NTU_6.4_C_0
2018.05.20_12:18:10_37.7_NTU_6.5_C_0
2018.05.20_12:18:20_37.6_NTU_6.6_C_0
2018.05.20_12:18:30_37.8_NTU_6.7_C_0
2018.05.20_12:18:40_30.0_NTU_6.7_C_0
2018.05.20_12:18:50_31.2_NTU_6.8_C_0
2018.05.20_12:19:00_30.7_NTU_6.8_C_0
2018.05.20_12:19:10_30.2_NTU_6.9_C_0
2018.05.20_12:19:20_29.7_NTU_7.0_C_0
2018.05.20_12:19:30_30.7_NTU_7.1_C_0
2018.05.20_12:19:40_33.9_NTU_7.1_C_0
2018.05.20_12:19:50_34.1_NTU_7.2_C_0
2018.05.20_12:20:00_34.4_NTU_7.3_C_0
2018.05.20_12:20:10_34.0_NTU_7.4_C_0
2018.05.20_12:20:20_38.4_NTU_7.5_C_0
2018.05.20_12:20:30_38.4_NTU_7.6_C_0
2018.05.20_12:20:40_39.2_NTU_7.6_C_0
2018.05.20_12:20:50_40.4_NTU_7.8_C_0
2018.05.20_12:21:00_42.3_NTU_7.9_C_0
2018.05.20_12:21:10_42.6_NTU_7.9_C_0
2018.05.20_12:21:20_42.6_NTU_8.0_C_0
2018.05.20_12:21:30_43.0_NTU_8.1_C_0
2018.05.20_12:21:40_44.0_NTU_8.2_C_0
2018.05.20_12:21:50_44.9_NTU_8.2_C_0
2018.05.20_12:22:00_45.7_NTU_8.3_C_0
2018.05.20_12:22:10_46.0_NTU_8.4_C_0
2018.05.20_12:22:20_46.3_NTU_8.4_C_0
2018.05.20_12:22:30_46.5_NTU_8.5_C_0
2018.05.20_12:22:40_46.8_NTU_8.6_C_0
2018.05.20_12:22:50_47.0_NTU_8.7_C_0
2018.05.20_12:23:00_47.9_NTU_8.7_C_0
2018.05.20_12:23:10_48.4_NTU_8.7_C_0
2018.05.20_12:23:20_49.0_NTU_8.8_C_0
2018.05.20_12:23:30_49.4_NTU_8.9_C_0
2018.05.20_12:23:40_50.0_NTU_8.9_C_0
2018.05.20_12:23:50_49.6_NTU_9.1_C_0
2018.05.20_12:24:00_50.1_NTU_9.1_C_0
2018.05.20_12:24:10_50.2_NTU_9.2_C_0
2018.05.20_12:24:20_50.2_NTU_9.2_C_0
2018.05.20_12:24:30_50.2_NTU_9.3_C_0
2018.05.20_12:24:40_50.2_NTU_9.4_C_0
2018.05.20_12:24:50_50.6_NTU_9.4_C_0
2018.05.20_12:25:00_51.0_NTU_9.4_C_0
2018.05.20_12:25:10_51.7_NTU_9.5_C_0
2018.05.20_12:25:20_52.6_NTU_9.5_C_0
2018.05.20_12:25:30_53.1_NTU_9.6_C_0
2018.05.20_12:25:40_53.6_NTU_9.6_C_0
2018.05.20_12:25:50_53.3_NTU_9.7_C_0
2018.05.20_12:26:00_54.0_NTU_9.8_C_0
2018.05.20_12:26:10_54.1_NTU_9.8_C_0
2018.05.20_12:26:20_54.1_NTU_9.9_C_0
2018.05.20_12:26:30_54.0_NTU_9.9_C_0
2018.05.20_12:26:40_54.3_NTU_9.9_C_0
2018.05.20_12:26:50_54.3_NTU_10.0_C_0
2018.05.20_12:27:00_54.7_NTU_10.1_C_0
2018.05.20_12:27:10_54.9_NTU_10.1_C_0
2018.05.20_12:27:20_55.4_NTU_10.1_C_0
2018.05.20_12:27:30_56.0_NTU_10.2_C_0
2018.05.20_12:27:40_56.1_NTU_10.2_C_0
2018.05.20_12:27:50_57.0_NTU_10.2_C_0
2018.05.20_12:28:00_56.5_NTU_10.3_C_0
2018.05.20_12:28:10_56.9_NTU_10.3_C_0
2018.05.20_12:28:20_57.2_NTU_10.4_C_0
2018.05.20_12:28:30_57.9_NTU_10.5_C_0
2018.05.20_12:28:40_57.8_NTU_10.4_C_0
2018.05.20_12:28:50_57.9_NTU_10.5_C_0
2018.05.20_12:29:00_57.9_NTU_10.6_C_0
2018.05.20_12:29:10_58.4_NTU_10.6_C_0
2018.05.20_12:29:20_58.1_NTU_10.6_C_0
2018.05.20_12:29:30_58.3_NTU_10.6_C_0
2018.05.20_12:29:40_58.3_NTU_10.7_C_0
2018.05.20_12:29:50_58.6_NTU_10.8_C_0
2018.05.20_12:30:00_58.5_NTU_10.8_C_0
2018.05.20_12:30:10_59.0_NTU_10.9_C_0
2018.05.20_12:30:20_58.3_NTU_10.9_C_0
2018.05.20_12:30:30_58.7_NTU_10.9_C_0
2018.05.20_12:30:40_58.7_NTU_11.0_C_0
2018.05.20_12:30:50_59.3_NTU_11.0_C_0
2018.05.20_12:31:00_58.9_NTU_11.0_C_0
2018.05.20_12:31:10_59.4_NTU_11.0_C_0
2018.05.20_12:31:20_58.5_NTU_11.1_C_0
2018.05.20_12:31:30_59.4_NTU_11.1_C_0
2018.05.20_12:31:40_59.2_NTU_11.2_C_0
2018.05.20_12:31:50_58.8_NTU_11.1_C_0
2018.05.20_12:32:00_59.4_NTU_11.2_C_0
2018.05.20_12:32:10_59.3_NTU_11.3_C_0
2018.05.20_12:32:20_60.0_NTU_11.2_C_0
2018.05.20_12:32:30_59.5_NTU_11.3_C_0
2018.05.20_12:32:40_58.6_NTU_11.4_C_0
2018.05.20_12:32:50_59.8_NTU_11.4_C_0
2018.05.20_12:33:00_59.2_NTU_11.4_C_0
2018.05.20_12:33:10_59.2_NTU_11.4_C_0
2018.05.20_12:33:20_58.6_NTU_11.5_C_0
2018.05.20_12:33:30_59.8_NTU_11.5_C_0
2018.05.20_12:33:40_59.4_NTU_11.5_C_0
2018.05.20_12:33:50_59.5_NTU_11.6_C_0
2018.05.20_12:34:00_59.3_NTU_11.6_C_0
2018.05.20_12:34:10_59.3_NTU_11.6_C_0
2018.05.20_12:34:20_60.4_NTU_11.7_C_0
2018.05.20_12:34:30_60.4_NTU_11.7_C_0
2018.05.20_12:34:40_59.5_NTU_11.7_C_0
2018.05.20_12:34:50_60.9_NTU_11.7_C_0
2018.05.20_12:35:00_57.8_NTU_11.7_C_0
2018.05.20_12:35:10_57.8_NTU_11.7_C_0
2018.05.20_12:35:20_58.7_NTU_11.8_C_0
2018.05.20_12:35:30_60.1_NTU_11.9_C_0
2018.05.20_12:35:40_60.5_NTU_11.9_C_0
2018.05.20_12:35:50_61.6_NTU_11.9_C_0
2018.05.20_12:36:00_62.7_NTU_12.0_C_0
2018.05.20_12:36:10_62.9_NTU_11.9_C_0
2018.05.20_12:36:20_62.1_NTU_12.0_C_0
2018.05.20_12:36:30_63.0_NTU_12.0_C_0
2018.05.20_12:36:40_63.5_NTU_12.1_C_0
2018.05.20_12:36:50_63.7_NTU_12.1_C_0
2018.05.20_12:37:00_64.2_NTU_12.1_C_0
2018.05.20_12:37:10_64.5_NTU_12.1_C_0
2018.05.20_12:37:20_64.2_NTU_12.2_C_0
2018.05.20_12:37:30_64.3_NTU_12.3_C_0
2018.05.20_12:37:40_64.2_NTU_12.3_C_0
2018.05.20_12:37:50_64.4_NTU_12.4_C_0
2018.05.20_12:38:00_63.8_NTU_12.3_C_0
2018.05.20_12:38:10_62.9_NTU_12.4_C_0
2018.05.20_12:38:20_63.9_NTU_12.4_C_0
2018.05.20_12:38:30_64.3_NTU_12.5_C_0
2018.05.20_12:38:40_63.5_NTU_12.5_C_0
2018.05.20_12:38:50_63.3_NTU_12.5_C_0
2018.05.20_12:39:00_61.8_NTU_12.5_C_0
2018.05.20_12:39:10_61.8_NTU_12.6_C_0
2018.05.20_12:39:20_60.7_NTU_12.6_C_0
2018.05.20_12:39:30_59.6_NTU_12.6_C_0
2018.05.20_12:39:40_58.9_NTU_12.7_C_0
2018.05.20_12:39:50_58.9_NTU_12.7_C_0
2018.05.20_12:40:00_56.5_NTU_12.7_C_0
2018.05.20_12:40:10_55.5_NTU_12.7_C_0
2018.05.20_12:40:20_55.2_NTU_12.7_C_0
2018.05.20_12:40:30_55.1_NTU_12.8_C_0
2018.05.20_12:40:40_54.8_NTU_12.8_C_0
2018.05.20_12:40:50_55.2_NTU_12.9_C_0
2018.05.20_12:41:00_55.0_NTU_12.9_C_0
2018.05.20_12:41:10_55.1_NTU_13.0_C_0
2018.05.20_12:41:20_54.9_NTU_13.0_C_0
2018.05.20_12:41:30_55.2_NTU_13.1_C_0
2018.05.20_12:41:40_55.7_NTU_13.0_C_0
2018.05.20_12:41:50_55.3_NTU_13.1_C_0
2018.05.20_12:42:00_55.3_NTU_13.1_C_0
2018.05.20_12:42:10_55.9_NTU_13.1_C_0
2018.05.20_12:42:20_56.2_NTU_13.2_C_0
2018.05.20_12:42:30_58.0_NTU_13.2_C_0
2018.05.20_12:42:40_56.9_NTU_13.3_C_0
2018.05.20_12:42:50_58.7_NTU_13.3_C_0
2018.05.20_12:43:00_58.3_NTU_13.3_C_0
2018.05.20_12:43:10_58.6_NTU_13.3_C_0
2018.05.20_12:43:20_59.0_NTU_13.3_C_0
2018.05.20_12:43:30_59.8_NTU_13.3_C_0
2018.05.20_12:43:40_59.5_NTU_13.4_C_0
2018.05.20_12:43:50_59.5_NTU_13.5_C_0
2018.05.20_12:44:00_59.5_NTU_13.4_C_0
2018.05.20_12:44:10_60.9_NTU_13.5_C_0
2018.05.20_12:44:20_60.6_NTU_13.5_C_0
2018.05.20_12:44:30_61.7_NTU_13.5_C_0
2018.05.20_12:44:40_60.5_NTU_13.5_C_0
2018.05.20_12:44:50_63.3_NTU_13.6_C_0
2018.05.20_12:45:00_62.8_NTU_13.6_C_0
2018.05.20_12:45:10_63.8_NTU_13.7_C_0
2018.05.20_12:45:20_67.6_NTU_13.7_C_0
2018.05.20_12:45:30_68.7_NTU_13.7_C_0
2018.05.20_12:45:40_69.0_NTU_13.8_C_0
2018.05.20_12:45:50_68.1_NTU_13.8_C_0
2018.05.20_12:46:00_68.9_NTU_13.8_C_0
2018.05.20_12:46:10_69.3_NTU_13.8_C_0
2018.05.20_12:46:20_68.6_NTU_13.8_C_0
2018.05.20_12:46:30_68.0_NTU_13.9_C_0
2018.05.20_12:46:40_70.2_NTU_14.0_C_0
2018.05.20_12:46:50_69.7_NTU_14.0_C_0
2018.05.20_12:47:00_71.2_NTU_14.0_C_0
2018.05.20_12:47:10_72.3_NTU_14.0_C_0
2018.05.20_12:47:20_69.7_NTU_14.0_C_0
2018.05.20_12:47:30_78.3_NTU_14.0_C_0
2018.05.20_12:47:40_62.5_NTU_14.0_C_0
2018.05.20_12:47:50_67.7_NTU_14.1_C_0
2018.05.20_12:48:00_71.1_NTU_14.1_C_0
2018.05.20_12:48:10_64.2_NTU_14.1_C_0
2018.05.20_12:48:20_72.6_NTU_14.2_C_0
2018.05.20_12:48:30_77.7_NTU_14.3_C_0
2018.05.20_12:48:40_75.8_NTU_14.4_C_0
2018.05.20_12:48:50_76.6_NTU_14.4_C_0
2018.05.20_12:49:00_75.8_NTU_14.5_C_0
2018.05.20_12:49:10_74.5_NTU_14.5_C_0
2018.05.20_12:49:20_75.6_NTU_14.5_C_0
2018.05.20_12:49:30_76.2_NTU_14.6_C_0
2018.05.20_12:49:40_76.6_NTU_14.6_C_0
2018.05.20_12:49:50_76.6_NTU_14.7_C_0
2018.05.20_12:50:00_76.6_NTU_14.7_C_0
2018.05.20_12:50:10_76.8_NTU_14.8_C_0
2018.05.20_12:50:20_77.1_NTU_14.8_C_0
2018.05.20_12:50:30_77.5_NTU_14.8_C_0
2018.05.20_12:50:40_77.8_NTU_14.8_C_0
2018.05.20_12:50:50_78.3_NTU_14.8_C_0
2018.05.20_12:51:00_79.0_NTU_14.8_C_0
2018.05.20_12:51:10_79.0_NTU_14.9_C_0
2018.05.20_12:51:20_79.0_NTU_14.9_C_0
2018.05.20_12:51:30_79.6_NTU_15.0_C_0
2018.05.20_12:51:40_79.6_NTU_15.0_C_0
2018.05.20_12:51:50_80.0_NTU_15.1_C_0
2018.05.20_12:52:00_80.0_NTU_15.1_C_0
2018.05.20_12:52:10_80.2_NTU_15.2_C_0
2018.05.20_12:52:20_80.6_NTU_15.1_C_0
2018.05.20_12:52:30_80.6_NTU_15.2_C_0
2018.05.20_12:52:40_80.8_NTU_15.2_C_0
2018.05.20_12:52:50_81.2_NTU_15.3_C_0
2018.05.20_12:53:00_81.0_NTU_15.2_C_0
2018.05.20_12:53:10_81.6_NTU_15.3_C_0
2018.05.20_12:53:20_82.0_NTU_15.3_C_0
2018.05.20_12:53:30_82.2_NTU_15.4_C_0
2018.05.20_12:53:40_82.4_NTU_15.4_C_0
2018.05.20_12:53:50_82.4_NTU_15.5_C_0
2018.05.20_12:54:00_83.4_NTU_15.4_C_0
2018.05.20_12:54:10_83.0_NTU_15.5_C_0
2018.05.20_12:54:20_83.4_NTU_15.5_C_0
2018.05.20_12:54:30_83.4_NTU_15.5_C_0
2018.05.20_12:54:40_83.8_NTU_15.6_C_0
2018.05.20_12:54:50_84.2_NTU_15.6_C_0
2018.05.20_12:55:00_84.0_NTU_15.6_C_0
2018.05.20_12:55:10_84.2_NTU_15.6_C_0
2018.05.20_12:55:20_84.3_NTU_15.6_C_0
2018.05.20_12:55:30_84.4_NTU_15.6_C_0
2018.05.20_12:55:40_84.2_NTU_15.6_C_0
2018.05.20_12:55:50_84.2_NTU_15.6_C_0
2018.05.20_12:56:00_84.3_NTU_15.7_C_0
2018.05.20_12:56:10_84.4_NTU_15.7_C_0
2018.05.20_12:56:20_84.6_NTU_15.7_C_0
2018.05.20_12:56:30_85.0_NTU_15.7_C_0
2018.05.20_12:56:40_84.9_NTU_15.8_C_0
2018.05.20_12:56:50_85.0_NTU_15.7_C_0
2018.05.20_12:57:00_85.0_NTU_15.8_C_0
2018.05.20_12:57:10_85.5_NTU_15.8_C_0
2018.05.20_12:57:20_85.6_NTU_15.8_C_0
2018.05.20_12:57:30_86.0_NTU_15.8_C_0
2018.05.20_12:57:40_85.7_NTU_15.9_C_0
2018.05.20_12:57:50_85.9_NTU_15.8_C_0
2018.05.20_12:58:00_86.9_NTU_15.9_C_0
2018.05.20_12:58:10_86.4_NTU_15.9_C_0
2018.05.20_12:58:20_86.4_NTU_15.9_C_0
2018.05.20_12:58:30_87.5_NTU_16.0_C_0
2018.05.20_12:58:40_87.4_NTU_16.0_C_0
2018.05.20_12:58:50_87.0_NTU_16.0_C_0
2018.05.20_12:59:00_87.5_NTU_16.0_C_0
2018.05.20_12:59:10_87.7_NTU_16.1_C_0
2018.05.20_12:59:20_89.5_NTU_16.0_C_0
2018.05.20_12:59:30_90.0_NTU_16.1_C_0
2018.05.20_12:59:40_89.6_NTU_16.1_C_0
2018.05.20_12:59:50_90.0_NTU_16.2_C_0
2018.05.20_13:00:00_90.0_NTU_16.2_C_0
2018.05.20_13:00:10_90.0_NTU_16.2_C_0
2018.05.20_13:00:20_90.2_NTU_16.2_C_0
2018.05.20_13:00:30_91.2_NTU_16.2_C_0
2018.05.20_13:00:40_91.3_NTU_16.2_C_0
2018.05.20_13:00:50_91.1_NTU_16.3_C_0
2018.05.20_13:01:00_91.7_NTU_16.3_C_0
2018.05.20_13:01:10_91.5_NTU_16.3_C_0
2018.05.20_13:01:20_91.7_NTU_16.3_C_0
2018.05.20_13:01:30_91.9_NTU_16.3_C_0
2018.05.20_13:01:40_92.2_NTU_16.4_C_0
2018.05.20_13:01:50_92.2_NTU_16.3_C_0
2018.05.20_13:02:00_92.2_NTU_16.3_C_0
2018.05.20_13:02:10_92.9_NTU_16.4_C_0
2018.05.20_13:02:20_92.2_NTU_16.4_C_0
2018.05.20_13:02:30_92.5_NTU_16.4_C_0
2018.05.20_13:02:40_93.0_NTU_16.4_C_0
2018.05.20_13:02:50_93.2_NTU_16.4_C_0
2018.05.20_13:03:00_93.3_NTU_16.4_C_0
2018.05.20_13:03:10_93.5_NTU_16.4_C_0
2018.05.20_13:03:20_92.7_NTU_16.4_C_0
2018.05.20_13:03:30_93.5_NTU_16.4_C_0
2018.05.20_13:03:40_93.6_NTU_16.4_C_0
2018.05.20_13:03:50_93.3_NTU_16.5_C_0
2018.05.20_13:04:00_93.5_NTU_16.5_C_0
2018.05.20_13:04:10_93.9_NTU_16.5_C_0
2018.05.20_13:04:20_93.5_NTU_16.5_C_0
2018.05.20_13:04:30_93.8_NTU_16.5_C_0
2018.05.20_13:04:40_94.0_NTU_16.5_C_0
2018.05.20_13:04:50_94.4_NTU_16.6_C_0
2018.05.20_13:05:00_93.8_NTU_16.6_C_0
2018.05.20_13:05:10_94.9_NTU_16.5_C_0
2018.05.20_13:05:20_94.9_NTU_16.6_C_0
2018.05.20_13:05:30_95.0_NTU_16.6_C_0
2018.05.20_13:05:40_95.8_NTU_16.6_C_0
2018.05.20_13:05:50_96.0_NTU_16.6_C_0
2018.05.20_13:06:00_96.0_NTU_16.7_C_0
2018.05.20_13:06:10_96.1_NTU_16.7_C_0
2018.05.20_13:06:20_96.0_NTU_16.7_C_0
2018.05.20_13:06:30_96.7_NTU_16.7_C_0
2018.05.20_13:06:40_96.4_NTU_16.7_C_0
2018.05.20_13:06:50_96.5_NTU_16.7_C_0
2018.05.20_13:07:00_96.4_NTU_16.7_C_0
2018.05.20_13:07:10_97.3_NTU_16.7_C_0
2018.05.20_13:07:20_97.3_NTU_16.7_C_0
2018.05.20_13:07:30_97.1_NTU_16.8_C_0
2018.05.20_13:07:40_97.4_NTU_16.8_C_0
2018.05.20_13:07:50_97.0_NTU_16.8_C_0
2018.05.20_13:08:00_97.1_NTU_16.8_C_0
2018.05.20_13:08:10_97.8_NTU_16.8_C_0
2018.05.20_13:08:20_97.1_NTU_16.8_C_0
2018.05.20_13:08:30_97.8_NTU_16.9_C_0
2018.05.20_13:08:40_97.8_NTU_16.9_C_0
2018.05.20_13:08:50_97.9_NTU_16.9_C_0
2018.05.20_13:09:00_98.0_NTU_16.9_C_0
2018.05.20_13:09:10_98.2_NTU_17.0_C_0
2018.05.20_13:09:20_97.8_NTU_17.0_C_0
2018.05.20_13:09:30_97.8_NTU_17.0_C_0
2018.05.20_13:09:40_98.5_NTU_17.0_C_0
2018.05.20_13:09:50_98.6_NTU_16.9_C_0
2018.05.20_13:10:00_98.8_NTU_17.0_C_0
2018.05.20_13:10:10_99.3_NTU_17.0_C_0
2018.05.20_13:10:20_99.3_NTU_17.0_C_0
2018.05.20_13:10:30_98.9_NTU_17.0_C_0
2018.05.20_13:10:40_99.6_NTU_17.1_C_0
2018.05.20_13:10:50_99.7_NTU_17.1_C_0
2018.05.20_13:11:00_100.1_NTU_17.1_C_0
2018.05.20_13:11:10_99.7_NTU_17.1_C_0
2018.05.20_13:11:20_99.7_NTU_17.1_C_0
2018.05.20_13:11:30_100.2_NTU_17.1_C_0
2018.05.20_13:11:40_100.2_NTU_17.1_C_0
2018.05.20_13:11:50_100.9_NTU_17.1_C_0
2018.05.20_13:12:00_101.2_NTU_17.1_C_0
2018.05.20_13:12:10_100.6_NTU_17.1_C_0
2018.05.20_13:12:20_101.1_NTU_17.1_C_0
2018.05.20_13:12:30_101.1_NTU_17.1_C_0
2018.05.20_13:12:40_101.1_NTU_17.1_C_0
2018.05.20_13:12:50_101.1_NTU_17.1_C_0
2018.05.20_13:13:00_102.1_NTU_17.1_C_0
2018.05.20_13:13:10_101.6_NTU_17.1_C_0
2018.05.20_13:13:20_101.7_NTU_17.2_C_0
2018.05.20_13:13:30_101.8_NTU_17.2_C_0
2018.05.20_13:13:40_101.5_NTU_17.1_C_0
2018.05.20_13:13:50_102.1_NTU_17.2_C_0
2018.05.20_13:14:00_102.3_NTU_17.1_C_0
2018.05.20_13:14:10_102.4_NTU_17.2_C_0
2018.05.20_13:14:20_102.4_NTU_17.2_C_0
2018.05.20_13:14:30_102.1_NTU_17.2_C_0
2018.05.20_13:14:40_102.5_NTU_17.2_C_0
2018.05.20_13:14:50_102.7_NTU_17.3_C_0
2018.05.20_13:15:00_102.6_NTU_17.3_C_0
2018.05.20_13:15:10_102.9_NTU_17.2_C_0
2018.05.20_13:15:20_103.2_NTU_17.3_C_0
2018.05.20_13:15:30_103.6_NTU_17.3_C_0
2018.05.20_13:15:40_103.8_NTU_17.3_C_0
2018.05.20_13:15:50_103.5_NTU_17.3_C_0
2018.05.20_13:16:00_103.5_NTU_17.3_C_0
2018.05.20_13:16:10_104.4_NTU_17.3_C_0
2018.05.20_13:16:20_104.8_NTU_17.3_C_0
2018.05.20_13:16:30_104.3_NTU_17.4_C_0
2018.05.20_13:16:40_104.7_NTU_17.3_C_0
2018.05.20_13:16:50_105.5_NTU_17.4_C_0
2018.05.20_13:17:00_105.5_NTU_17.4_C_0
2018.05.20_13:17:10_105.3_NTU_17.4_C_0
2018.05.20_13:17:20_105.8_NTU_17.4_C_0
2018.05.20_13:17:30_105.8_NTU_17.3_C_0
2018.05.20_13:17:40_106.4_NTU_17.4_C_0
2018.05.20_13:17:50_106.3_NTU_17.4_C_0
2018.05.20_13:18:00_106.5_NTU_17.5_C_0
2018.05.20_13:18:10_106.0_NTU_17.5_C_0
2018.05.20_13:18:20_106.7_NTU_17.5_C_0
2018.05.20_13:18:30_106.7_NTU_17.5_C_0
2018.05.20_13:18:40_106.6_NTU_17.5_C_0
2018.05.20_13:18:50_109.0_NTU_17.5_C_0
2018.05.20_13:19:00_109.0_NTU_17.5_C_0
2018.05.20_13:19:10_109.0_NTU_17.5_C_0
2018.05.20_13:19:20_109.0_NTU_17.5_C_0
2018.05.20_13:19:30_109.3_NTU_17.5_C_0
2018.05.20_13:19:40_109.4_NTU_17.5_C_0
2018.05.20_13:19:50_109.4_NTU_17.6_C_0
2018.05.20_13:20:00_109.5_NTU_17.5_C_0
2018.05.20_13:20:10_109.7_NTU_17.6_C_0
2018.05.20_13:20:20_109.9_NTU_17.6_C_0
2018.05.20_13:20:30_109.9_NTU_17.6_C_0
2018.05.20_13:20:40_110.1_NTU_17.6_C_0
2018.05.20_13:20:50_110.2_NTU_17.6_C_0
2018.05.20_13:21:00_110.5_NTU_17.6_C_0
2018.05.20_13:21:10_110.1_NTU_17.6_C_0
2018.05.20_13:21:20_110.5_NTU_17.6_C_0
2018.05.20_13:21:30_110.1_NTU_17.7_C_0
2018.05.20_13:21:40_110.2_NTU_17.6_C_0
2018.05.20_13:21:50_110.1_NTU_17.7_C_0
2018.05.20_13:22:00_110.6_NTU_17.7_C_0
2018.05.20_13:22:10_110.2_NTU_17.7_C_0
2018.05.20_13:22:20_110.5_NTU_17.7_C_0
2018.05.20_13:22:30_110.6_NTU_17.8_C_0
2018.05.20_13:22:40_110.6_NTU_17.8_C_0
2018.05.20_13:22:50_110.6_NTU_17.8_C_0
2018.05.20_13:23:00_110.7_NTU_17.8_C_0
2018.05.20_13:23:10_110.6_NTU_17.8_C_0
2018.05.20_13:23:20_110.6_NTU_17.8_C_0
2018.05.20_13:23:30_110.7_NTU_17.8_C_0
2018.05.20_13:23:40_110.6_NTU_17.8_C_0
2018.05.20_13:23:50_110.7_NTU_17.8_C_0
2018.05.20_13:24:00_110.6_NTU_17.8_C_0
2018.05.20_13:24:10_110.7_NTU_17.8_C_0
2018.05.20_13:24:20_110.6_NTU_17.9_C_0
2018.05.20_13:24:30_110.6_NTU_17.9_C_0
2018.05.20_13:24:40_110.7_NTU_17.9_C_0
2018.05.20_13:24:50_110.6_NTU_17.9_C_0
2018.05.20_13:25:00_110.7_NTU_17.9_C_0
2018.05.20_13:25:10_110.7_NTU_17.9_C_0
2018.05.20_13:25:20_110.8_NTU_17.9_C_0
2018.05.20_13:25:30_111.0_NTU_17.9_C_0
2018.05.20_13:25:40_111.2_NTU_17.9_C_0
2018.05.20_13:25:50_111.5_NTU_17.9_C_0
2018.05.20_13:26:00_111.2_NTU_17.9_C_0
2018.05.20_13:26:10_111.4_NTU_18.0_C_0
2018.05.20_13:26:20_111.5_NTU_17.9_C_0
2018.05.20_13:26:30_111.5_NTU_17.9_C_0
2018.05.20_13:26:40_111.8_NTU_17.9_C_0
2018.05.20_13:26:50_112.2_NTU_17.9_C_0
2018.05.20_13:27:00_111.9_NTU_18.0_C_0
2018.05.20_13:27:10_111.9_NTU_17.9_C_0
2018.05.20_13:27:20_112.4_NTU_17.9_C_0
2018.05.20_13:27:30_112.4_NTU_18.0_C_0
2018.05.20_13:27:40_111.9_NTU_17.9_C_0
2018.05.20_13:27:50_112.4_NTU_18.0_C_0
2018.05.20_13:28:00_112.4_NTU_18.0_C_0
2018.05.20_13:28:10_112.4_NTU_18.0_C_0
2018.05.20_13:28:20_112.9_NTU_18.0_C_0
2018.05.20_13:28:30_112.9_NTU_18.0_C_0
2018.05.20_13:28:40_112.5_NTU_18.1_C_0
2018.05.20_13:28:50_112.8_NTU_18.1_C_0
2018.05.20_13:29:00_112.5_NTU_18.1_C_0
2018.05.20_13:29:10_112.9_NTU_18.1_C_0
2018.05.20_13:29:20_112.7_NTU_18.1_C_0
2018.05.20_13:29:30_112.9_NTU_18.0_C_0
2018.05.20_13:29:40_113.2_NTU_18.1_C_0
2018.05.20_13:29:50_113.2_NTU_18.1_C_0
2018.05.20_13:30:00_113.5_NTU_18.1_C_0
2018.05.20_13:30:10_113.3_NTU_18.1_C_0
2018.05.20_13:30:20_113.5_NTU_18.1_C_0
2018.05.20_13:30:30_113.5_NTU_18.1_C_0
2018.05.20_13:30:40_113.3_NTU_18.1_C_0
2018.05.20_13:30:50_113.9_NTU_18.2_C_0
2018.05.20_13:31:00_113.8_NTU_18.2_C_0
2018.05.20_13:31:10_113.8_NTU_18.2_C_0
2018.05.20_13:31:20_113.5_NTU_18.2_C_0
2018.05.20_13:31:30_113.5_NTU_18.2_C_0
2018.05.20_13:31:40_113.8_NTU_18.2_C_0
2018.05.20_13:31:50_113.3_NTU_18.2_C_0
2018.05.20_13:32:00_114.1_NTU_18.2_C_0
2018.05.20_13:32:10_113.8_NTU_18.2_C_0
2018.05.20_13:32:20_114.1_NTU_18.3_C_0
2018.05.20_13:32:30_113.9_NTU_18.2_C_0
2018.05.20_13:32:40_113.9_NTU_18.3_C_0
2018.05.20_13:32:50_113.9_NTU_18.3_C_0
2018.05.20_13:33:00_114.1_NTU_18.3_C_0
2018.05.20_13:33:10_113.3_NTU_18.3_C_0
2018.05.20_13:33:20_111.3_NTU_18.3_C_0
2018.05.20_13:33:30_115.6_NTU_18.3_C_0
2018.05.20_13:33:40_116.1_NTU_18.3_C_0
2018.05.20_13:33:50_103.6_NTU_18.4_C_0
2018.05.20_13:34:00_110.4_NTU_18.4_C_0
2018.05.20_13:34:10_105.1_NTU_18.4_C_0
2018.05.20_13:34:20_113.0_NTU_18.4_C_0
2018.05.20_13:34:30_113.1_NTU_18.4_C_0
2018.05.20_13:34:40_112.3_NTU_18.5_C_0
2018.05.20_13:34:50_113.1_NTU_18.5_C_0
2018.05.20_13:35:00_113.2_NTU_18.5_C_0
2018.05.20_13:35:10_113.4_NTU_18.5_C_0
2018.05.20_13:35:18_113.6_NTU_18.6_C_0

End of Download.  1388 log records sent.
